==== Cycle 1 ====

The method '[Method] java.lang.Object access$createSession(com.neuroid.tracker.NeuroID $this, kotlin.coroutines.Continuation $completion)' was removed because its name contains a dollar sign.
The method '[Method] com.neuroid.tracker.NeuroID access$getSingleton$cp()' was removed because its name contains a dollar sign.
The method '[Method] void access$setSingleton$cp(com.neuroid.tracker.NeuroID <set-?>)' was removed because its name contains a dollar sign.
The method '[Method] void access$setupCallbacks(com.neuroid.tracker.NeuroID $this)' was removed because its name contains a dollar sign.
The method '[Method] com.neuroid.tracker.NeuroID.Builder copy$default(com.neuroid.tracker.NeuroID.Builder p0, android.app.Application p1, java.lang.String p2, int p3, java.lang.Object p4)' was removed because its name contains a dollar sign.
The class '[Class] com.neuroid.tracker.callbacks.NIDFragmentCallbacks' was removed because the Java base type 'androidx.fragment.app.FragmentManager.FragmentLifecycleCallbacks' could not be found.
The method '[Method] com.neuroid.tracker.callbacks.NIDSensorData copy$default(com.neuroid.tracker.callbacks.NIDSensorData p0, java.lang.String p1, com.neuroid.tracker.callbacks.NIDSensorStatus p2, java.lang.Float p3, java.lang.Float p4, java.lang.Float p5, int p6, java.lang.Object p7)' was removed because its name contains a dollar sign.
The method '[Method] com.neuroid.tracker.callbacks.NIDSensorData access$getFirstValuesAccel$p()' was removed because its name contains a dollar sign.
The method '[Method] com.neuroid.tracker.callbacks.NIDSensorData access$getFirstValuesGyro$p()' was removed because its name contains a dollar sign.
The method '[Method] com.neuroid.tracker.callbacks.NIDSensors access$getNidSensors$p()' was removed because its name contains a dollar sign.
The method '[Method] com.neuroid.tracker.callbacks.NIDSensors copy$default(com.neuroid.tracker.callbacks.NIDSensors p0, com.neuroid.tracker.callbacks.NIDSensorData p1, com.neuroid.tracker.callbacks.NIDSensorData p2, int p3, java.lang.Object p4)' was removed because its name contains a dollar sign.
The method '[Method] void identifyAllViews$default(android.view.ViewGroup p0, java.lang.String p1, boolean p2, boolean p3, int p4, java.lang.Object p5)' was removed because its name contains a dollar sign.
The method '[Method] void identifyView$default(android.view.View p0, java.lang.String p1, boolean p2, boolean p3, int p4, java.lang.Object p5)' was removed because its name contains a dollar sign.
The method '[Method] void registerComponent$default(android.view.View p0, java.lang.String p1, java.lang.String p2, int p3, java.lang.Object p4)' was removed because its name contains a dollar sign.
The method '[Method] void registerTargetFromScreen$default(android.app.Activity p0, boolean p1, boolean p2, int p3, java.lang.Object p4)' was removed because its name contains a dollar sign.
The method '[Method] com.neuroid.tracker.models.NIDEventModel copy$default(com.neuroid.tracker.models.NIDEventModel p0, java.lang.String p1, org.json.JSONArray p2, java.util.Map p3, java.lang.String p4, java.util.List p5, java.lang.String p6, com.neuroid.tracker.models.NIDSensorModel p7, com.neuroid.tracker.models.NIDSensorModel p8, java.lang.String p9, java.lang.String p10, java.lang.String p11, java.lang.String p12, java.lang.String p13, java.lang.String p14, java.lang.String p15, java.lang.String p16, long p17, java.lang.Integer p18, java.lang.Integer p19, java.lang.Float p20, java.lang.Float p21, java.lang.Integer p22, java.lang.Integer p23, java.lang.Float p24, java.lang.Float p25, java.lang.String p26, java.lang.String p27, java.lang.String p28, java.lang.String p29, java.lang.String p30, java.lang.String p31, java.lang.String p32, java.lang.String p33, java.lang.String p34, java.lang.Integer p35, java.lang.String p36, java.lang.Boolean p37, java.lang.Boolean p38, java.lang.Boolean p39, java.lang.String p40, java.lang.Boolean p41, java.lang.Boolean p42, java.lang.String p43, java.lang.String p44, java.util.List p45, java.lang.String p46, java.lang.String p47, java.lang.String p48, java.lang.String p49, org.json.JSONObject p50, int p51, int p52, java.lang.Object p53)' was removed because its name contains a dollar sign.
The method '[Method] com.neuroid.tracker.models.NIDSensorModel copy$default(com.neuroid.tracker.models.NIDSensorModel p0, java.lang.Float p1, java.lang.Float p2, java.lang.Float p3, int p4, java.lang.Object p5)' was removed because its name contains a dollar sign.
The method '[Method] java.lang.Object sendEventsNow$default(com.neuroid.tracker.service.NIDJobServiceManager p0, boolean p1, kotlin.coroutines.Continuation p2, int p3, java.lang.Object p4)' was removed because its name contains a dollar sign.
The method '[Method] java.lang.Object sendEventToServer$default(com.neuroid.tracker.service.NIDServiceTracker p0, java.lang.String p1, java.lang.String p2, android.app.Application p3, java.util.Set p4, kotlin.coroutines.Continuation p5, int p6, java.lang.Object p7)' was removed because its name contains a dollar sign.
The method '[Method] java.util.ArrayList access$getListIdsExcluded$p()' was removed because its name contains a dollar sign.
The method '[Method] java.util.List access$getListNonActiveEvents$p()' was removed because its name contains a dollar sign.
The method '[Method] java.lang.Object access$getStringSet(com.neuroid.tracker.storage.NIDDataStoreManagerImp $this, java.lang.String key, java.util.Set default, kotlin.coroutines.Continuation $completion)' was removed because its name contains a dollar sign.
The method '[Method] java.lang.Object access$putStringSet(com.neuroid.tracker.storage.NIDDataStoreManagerImp $this, java.lang.String key, java.util.Set stringSet, kotlin.coroutines.Continuation $completion)' was removed because its name contains a dollar sign.
The method '[Method] void access$saveJsonPayload(com.neuroid.tracker.storage.NIDDataStoreManagerImp $this, java.lang.String event, java.lang.String eventType)' was removed because its name contains a dollar sign.
The method '[Method] void access$setSharedPref$p(android.content.SharedPreferences <set-?>)' was removed because its name contains a dollar sign.
The method '[Method] android.content.SharedPreferences access$getSharedPref$p(com.neuroid.tracker.storage.NIDSharedPrefsDefaults $this)' was removed because its name contains a dollar sign.
The method '[Method] boolean hasFragments(androidx.fragment.app.FragmentManager obj)' was removed because the Java parameter type 'androidx.fragment.app.FragmentManager' could not be found.
The method '[Method] java.util.List access$getKnownDangerousAppsPackages$cp()' was removed because its name contains a dollar sign.
The method '[Method] java.util.List access$getKnownRootAppsPackages$cp()' was removed because its name contains a dollar sign.
The method '[Method] java.util.List access$getSuPaths$cp()' was removed because its name contains a dollar sign.

